<?xml version="1.0" encoding="UTF-8"?>
<!-- Generated by org.testng.reporters.JUnitXMLReporter -->
<testsuite ignored="0" hostname="arunachalam-Satellite-C50-A422" failures="1" tests="1" name="assert test1" time="0.075" errors="0" timestamp="2022-10-08T22:09:31 IST">
  <testcase classname="testng_handson.Assertion10" name="printName" time="0.012">
    <failure type="java.lang.AssertionError" message="expected [puma messi] but found [messi cougar]">
      <![CDATA[java.lang.AssertionError: expected [puma messi] but found [messi cougar]
at testng_handson.Assertion10.printName(Assertion10.java:13)
at java.base/java.util.ArrayList.forEach(ArrayList.java:1541)
... Removed 33 stack frames]]>
    </failure>
  </testcase> <!-- printName -->
</testsuite> <!-- assert test1 -->
